Success (11):
datatype 4154 {urn:com:appian:types:DO}DO_DEPT "{urn:com:appian:types:DO}DO_DEPT"
dataStore 3518 _a-0000e758-49ac-8000-49b3-01ef9001ef90_20788 "DO DS"
group 31 _e-0000e750-2e9d-8000-49ac-011e94011e94_104 "DO All Users"
group 32 _e-0000e750-2e9d-8000-49ac-011e94011e94_106 "DO App Adminstrator"
content 3382 _a-0000e750-2e9d-8000-49b0-01ef9001ef90_19753 "DO Rules And Constants"
content 3543 _a-0000e750-2e9d-8000-49b0-01ef9001ef90_19769 "DO_TEST_CONSTANT"
content 3385 _a-0000e750-2e9d-8000-49b0-01ef9001ef90_19776 "DO Knowledge Center"
content 3563 _a-0000e758-49ac-8000-49b3-01ef9001ef90_21070 "DO_BOOLEAN_CONSTANT"
processModelFolder 4 _g-0000e750-2e9d-8000-4c0a-014d98014d98_12 "DO Process Model"
processModel 481 0002e750-5091-8000-4c0b-014d98014d98 "DO Test PM"
application 3381 _a-0000e750-2e9d-8000-49b0-01ef9001ef90_19745 "DevOPS"

Trace:
2021-11-23 10:08:51.116 DEBUG application 3381 _a-0000e750-2e9d-8000-49b0-01ef9001ef90_19745 Begin transport.
2021-11-23 10:08:51.116 DEBUG application 3381 _a-0000e750-2e9d-8000-49b0-01ef9001ef90_19745 Retrieving object data.
2021-11-23 10:08:51.134 DEBUG application 3381 _a-0000e750-2e9d-8000-49b0-01ef9001ef90_19745 App associated objects: [datatype=[{urn:com:appian:types:DO}DO_DEPT],dataStore=[_a-0000e758-49ac-8000-49b3-01ef9001ef90_20788],group=[_e-0000e750-2e9d-8000-49ac-011e94011e94_104, _e-0000e750-2e9d-8000-49ac-011e94011e94_106],content=[_a-0000e750-2e9d-8000-49b0-01ef9001ef90_19753, _a-0000e750-2e9d-8000-49b0-01ef9001ef90_19761, _a-0000e750-2e9d-8000-49b0-01ef9001ef90_19769, _a-0000e750-2e9d-8000-49b0-01ef9001ef90_19776, _a-0000e758-49ac-8000-49b3-01ef9001ef90_21070],processModelFolder=[_g-0000e750-2e9d-8000-4c0a-014d98014d98_12],processModel=[0002e750-5091-8000-4c0b-014d98014d98]]
2021-11-23 10:08:51.177 DEBUG application 3381 _a-0000e750-2e9d-8000-49b0-01ef9001ef90_19745 Invalid associated objects: [content=[_a-0000e750-2e9d-8000-49b0-01ef9001ef90_19761]]
2021-11-23 10:08:51.177 DEBUG application 3381 _a-0000e750-2e9d-8000-49b0-01ef9001ef90_19745 Adding valid associated objects to be exported: GlobalBindingMap[datatype={{urn:com:appian:types:DO}DO_DEPT=4154},dataStore={_a-0000e758-49ac-8000-49b3-01ef9001ef90_20788=3518},group={_e-0000e750-2e9d-8000-49ac-011e94011e94_104=31, _e-0000e750-2e9d-8000-49ac-011e94011e94_106=32},content={_a-0000e750-2e9d-8000-49b0-01ef9001ef90_19753=3382, _a-0000e750-2e9d-8000-49b0-01ef9001ef90_19769=3543, _a-0000e750-2e9d-8000-49b0-01ef9001ef90_19776=3385, _a-0000e758-49ac-8000-49b3-01ef9001ef90_21070=3563},processModelFolder={_g-0000e750-2e9d-8000-4c0a-014d98014d98_12=4},processModel={0002e750-5091-8000-4c0b-014d98014d98=481}]
2021-11-23 10:08:51.177 DEBUG application 3381 _a-0000e750-2e9d-8000-49b0-01ef9001ef90_19745 Setting uuids of object references.
2021-11-23 10:08:51.178 DEBUG application 3381 _a-0000e750-2e9d-8000-49b0-01ef9001ef90_19745 Processing reference: Application.forum
2021-11-23 10:08:51.179 DEBUG application 3381 _a-0000e750-2e9d-8000-49b0-01ef9001ef90_19745 Processing reference: Application.parent
2021-11-23 10:08:51.192 DEBUG application 3381 _a-0000e750-2e9d-8000-49b0-01ef9001ef90_19745 Processing reference: com.appiancorp.suiteapi.content.ContentRoleMap@6a003741[
  ContentRole[name=readers,groupIds=[31],inherit=false,allowForAll=false]
  ContentRole[name=authors,inherit=false,allowForAll=false]
  ContentRole[name=administrators,groupIds=[32],inherit=false,allowForAll=false]
  ContentRole[name=denyReaders,inherit=false,allowForAll=false]
  ContentRole[name=denyAuthors,inherit=false,allowForAll=false]
  ContentRole[name=denyAdministrators,inherit=false,allowForAll=false]
  securityVector=1:SEC_PUBLIC=true,SEC_CREATOR_ADMIN=false,SEC_INH_ADMIN=false,SEC_INH_EDITOR=false,SEC_INH_VIEWER=false,SEC_ALL_ADMIN=false,SEC_ALL_EDITOR=false,SEC_ALL_VIEWER=false
]
2021-11-23 10:08:51.192 DEBUG application 3381 _a-0000e750-2e9d-8000-49b0-01ef9001ef90_19745 Processing reference: ContentRole[name=readers,groupIds=[31],inherit=false,allowForAll=false]
2021-11-23 10:08:51.198 DEBUG group 31 _e-0000e750-2e9d-8000-49ac-011e94011e94_104 Begin transport.
2021-11-23 10:08:51.198 DEBUG group 31 _e-0000e750-2e9d-8000-49ac-011e94011e94_104 Retrieving object data.
2021-11-23 10:08:51.221 DEBUG group 31 _e-0000e750-2e9d-8000-49ac-011e94011e94_104 Setting uuids of object references.
2021-11-23 10:08:51.222 DEBUG group 31 _e-0000e750-2e9d-8000-49ac-011e94011e94_104 Processing reference: Role[name=<null>]
2021-11-23 10:08:51.224 DEBUG group 31 _e-0000e750-2e9d-8000-49ac-011e94011e94_104 Processing reference: Group.groupTypeId
2021-11-23 10:08:51.233 DEBUG group 31 _e-0000e750-2e9d-8000-49ac-011e94011e94_104 Processing reference: Group.parentId
2021-11-23 10:08:51.235 DEBUG group 31 _e-0000e750-2e9d-8000-49ac-011e94011e94_104 Processing reference: Group.homePageId
2021-11-23 10:08:51.236 DEBUG group 31 _e-0000e750-2e9d-8000-49ac-011e94011e94_104 Processing reference: Role[name=<null>]
2021-11-23 10:08:51.237 DEBUG group 31 _e-0000e750-2e9d-8000-49ac-011e94011e94_104 Completing produce.
2021-11-23 10:08:51.237 DEBUG group 31 _e-0000e750-2e9d-8000-49ac-011e94011e94_104 Exporting binary resources.
2021-11-23 10:08:51.237 DEBUG group 31 _e-0000e750-2e9d-8000-49ac-011e94011e94_104 Serializing object to XML.
2021-11-23 10:08:51.239 DEBUG group 31 _e-0000e750-2e9d-8000-49ac-011e94011e94_104 Object transported.
2021-11-23 10:08:51.239 DEBUG application 3381 _a-0000e750-2e9d-8000-49b0-01ef9001ef90_19745 Processing reference: ContentRole[name=authors,inherit=false,allowForAll=false]
2021-11-23 10:08:51.239 DEBUG application 3381 _a-0000e750-2e9d-8000-49b0-01ef9001ef90_19745 Processing reference: ContentRole[name=administrators,groupIds=[32],inherit=false,allowForAll=false]
2021-11-23 10:08:51.244 DEBUG group 32 _e-0000e750-2e9d-8000-49ac-011e94011e94_106 Begin transport.
2021-11-23 10:08:51.244 DEBUG group 32 _e-0000e750-2e9d-8000-49ac-011e94011e94_106 Retrieving object data.
2021-11-23 10:08:51.266 DEBUG group 32 _e-0000e750-2e9d-8000-49ac-011e94011e94_106 Setting uuids of object references.
2021-11-23 10:08:51.267 DEBUG group 32 _e-0000e750-2e9d-8000-49ac-011e94011e94_106 Processing reference: Role[name=<null>]
2021-11-23 10:08:51.267 DEBUG group 32 _e-0000e750-2e9d-8000-49ac-011e94011e94_106 Processing reference: Group.groupTypeId
2021-11-23 10:08:51.272 DEBUG group 32 _e-0000e750-2e9d-8000-49ac-011e94011e94_106 Processing reference: Group.parentId
2021-11-23 10:08:51.273 DEBUG group 32 _e-0000e750-2e9d-8000-49ac-011e94011e94_106 Processing reference: Group.homePageId
2021-11-23 10:08:51.273 DEBUG group 32 _e-0000e750-2e9d-8000-49ac-011e94011e94_106 Processing reference: Role[name=<null>]
2021-11-23 10:08:51.274 DEBUG group 32 _e-0000e750-2e9d-8000-49ac-011e94011e94_106 Completing produce.
2021-11-23 10:08:51.274 DEBUG group 32 _e-0000e750-2e9d-8000-49ac-011e94011e94_106 Exporting binary resources.
2021-11-23 10:08:51.274 DEBUG group 32 _e-0000e750-2e9d-8000-49ac-011e94011e94_106 Serializing object to XML.
2021-11-23 10:08:51.275 DEBUG group 32 _e-0000e750-2e9d-8000-49ac-011e94011e94_106 Object transported.
2021-11-23 10:08:51.275 DEBUG application 3381 _a-0000e750-2e9d-8000-49b0-01ef9001ef90_19745 Processing reference: ContentRole[name=denyReaders,inherit=false,allowForAll=false]
2021-11-23 10:08:51.275 DEBUG application 3381 _a-0000e750-2e9d-8000-49b0-01ef9001ef90_19745 Processing reference: ContentRole[name=denyAuthors,inherit=false,allowForAll=false]
2021-11-23 10:08:51.275 DEBUG application 3381 _a-0000e750-2e9d-8000-49b0-01ef9001ef90_19745 Processing reference: ContentRole[name=denyAdministrators,inherit=false,allowForAll=false]
2021-11-23 10:08:51.276 DEBUG datatype 4154 {urn:com:appian:types:DO}DO_DEPT Begin transport.
2021-11-23 10:08:51.276 DEBUG datatype 4154 {urn:com:appian:types:DO}DO_DEPT Retrieving object data.
2021-11-23 10:08:51.343 DEBUG datatype 4154 {urn:com:appian:types:DO}DO_DEPT Setting uuids of object references.
2021-11-23 10:08:51.345 DEBUG datatype 4154 {urn:com:appian:types:DO}DO_DEPT Completing produce.
2021-11-23 10:08:51.345 DEBUG datatype 4154 {urn:com:appian:types:DO}DO_DEPT Exporting binary resources.
2021-11-23 10:08:51.345 DEBUG datatype 4154 {urn:com:appian:types:DO}DO_DEPT Serializing object to XML.
2021-11-23 10:08:51.345 DEBUG datatype 4154 {urn:com:appian:types:DO}DO_DEPT Object transported.
2021-11-23 10:08:51.348 DEBUG dataStore 3518 _a-0000e758-49ac-8000-49b3-01ef9001ef90_20788 Begin transport.
2021-11-23 10:08:51.348 DEBUG dataStore 3518 _a-0000e758-49ac-8000-49b3-01ef9001ef90_20788 Retrieving object data.
2021-11-23 10:08:51.352 DEBUG dataStore 3518 _a-0000e758-49ac-8000-49b3-01ef9001ef90_20788 Setting uuids of object references.
2021-11-23 10:08:51.353 DEBUG dataStore 3518 _a-0000e758-49ac-8000-49b3-01ef9001ef90_20788 Processing reference: PersistedDataStoreConfigImpl.dataSourceKey
2021-11-23 10:08:51.359 DEBUG dataStore 3518 _a-0000e758-49ac-8000-49b3-01ef9001ef90_20788 Processing reference: datatypeRef[id=4154]
2021-11-23 10:08:51.36 DEBUG dataStore 3518 _a-0000e758-49ac-8000-49b3-01ef9001ef90_20788 Processing reference: ContentRole[name=administrators,groupIds=[32],inherit=false,allowForAll=false]
2021-11-23 10:08:51.362 DEBUG dataStore 3518 _a-0000e758-49ac-8000-49b3-01ef9001ef90_20788 Processing reference: ContentRole[name=authors,inherit=false,allowForAll=false]
2021-11-23 10:08:51.362 DEBUG dataStore 3518 _a-0000e758-49ac-8000-49b3-01ef9001ef90_20788 Processing reference: ContentRole[name=denyAdministrators,inherit=false,allowForAll=false]
2021-11-23 10:08:51.362 DEBUG dataStore 3518 _a-0000e758-49ac-8000-49b3-01ef9001ef90_20788 Processing reference: ContentRole[name=denyAuthors,inherit=false,allowForAll=false]
2021-11-23 10:08:51.362 DEBUG dataStore 3518 _a-0000e758-49ac-8000-49b3-01ef9001ef90_20788 Processing reference: ContentRole[name=denyReaders,inherit=false,allowForAll=false]
2021-11-23 10:08:51.362 DEBUG dataStore 3518 _a-0000e758-49ac-8000-49b3-01ef9001ef90_20788 Processing reference: ContentRole[name=readers,groupIds=[31],inherit=false,allowForAll=false]
2021-11-23 10:08:51.364 DEBUG dataStore 3518 _a-0000e758-49ac-8000-49b3-01ef9001ef90_20788 Completing produce.
2021-11-23 10:08:51.364 DEBUG dataStore 3518 _a-0000e758-49ac-8000-49b3-01ef9001ef90_20788 Exporting binary resources.
2021-11-23 10:08:51.364 DEBUG dataStore 3518 _a-0000e758-49ac-8000-49b3-01ef9001ef90_20788 Serializing object to XML.
2021-11-23 10:08:51.365 DEBUG dataStore 3518 _a-0000e758-49ac-8000-49b3-01ef9001ef90_20788 Object transported.
2021-11-23 10:08:51.369 DEBUG content 3382 _a-0000e750-2e9d-8000-49b0-01ef9001ef90_19753 Begin transport.
2021-11-23 10:08:51.369 DEBUG content 3382 _a-0000e750-2e9d-8000-49b0-01ef9001ef90_19753 Retrieving object data.
2021-11-23 10:08:51.377 DEBUG content 3382 _a-0000e750-2e9d-8000-49b0-01ef9001ef90_19753 Setting uuids of object references.
2021-11-23 10:08:51.378 DEBUG content 3382 _a-0000e750-2e9d-8000-49b0-01ef9001ef90_19753 Processing reference: RulesFolder.forum
2021-11-23 10:08:51.378 DEBUG content 3382 _a-0000e750-2e9d-8000-49b0-01ef9001ef90_19753 Processing reference: RulesFolder.parent
2021-11-23 10:08:51.381 DEBUG content 3382 _a-0000e750-2e9d-8000-49b0-01ef9001ef90_19753 Processing reference: com.appiancorp.suiteapi.content.ContentRoleMap@22da5599[
  ContentRole[name=readers,groupIds=[31],inherit=false,allowForAll=false]
  ContentRole[name=authors,inherit=false,allowForAll=false]
  ContentRole[name=administrators,groupIds=[32],inherit=false,allowForAll=false]
  ContentRole[name=denyReaders,inherit=false,allowForAll=false]
  ContentRole[name=denyAuthors,inherit=false,allowForAll=false]
  ContentRole[name=denyAdministrators,inherit=false,allowForAll=false]
  securityVector=1:SEC_PUBLIC=true,SEC_CREATOR_ADMIN=false,SEC_INH_ADMIN=false,SEC_INH_EDITOR=false,SEC_INH_VIEWER=false,SEC_ALL_ADMIN=false,SEC_ALL_EDITOR=false,SEC_ALL_VIEWER=false
]
2021-11-23 10:08:51.381 DEBUG content 3382 _a-0000e750-2e9d-8000-49b0-01ef9001ef90_19753 Processing reference: ContentRole[name=readers,groupIds=[31],inherit=false,allowForAll=false]
2021-11-23 10:08:51.383 DEBUG content 3382 _a-0000e750-2e9d-8000-49b0-01ef9001ef90_19753 Processing reference: ContentRole[name=authors,inherit=false,allowForAll=false]
2021-11-23 10:08:51.383 DEBUG content 3382 _a-0000e750-2e9d-8000-49b0-01ef9001ef90_19753 Processing reference: ContentRole[name=administrators,groupIds=[32],inherit=false,allowForAll=false]
2021-11-23 10:08:51.385 DEBUG content 3382 _a-0000e750-2e9d-8000-49b0-01ef9001ef90_19753 Processing reference: ContentRole[name=denyReaders,inherit=false,allowForAll=false]
2021-11-23 10:08:51.385 DEBUG content 3382 _a-0000e750-2e9d-8000-49b0-01ef9001ef90_19753 Processing reference: ContentRole[name=denyAuthors,inherit=false,allowForAll=false]
2021-11-23 10:08:51.385 DEBUG content 3382 _a-0000e750-2e9d-8000-49b0-01ef9001ef90_19753 Processing reference: ContentRole[name=denyAdministrators,inherit=false,allowForAll=false]
2021-11-23 10:08:51.385 DEBUG content 3382 _a-0000e750-2e9d-8000-49b0-01ef9001ef90_19753 Completing produce.
2021-11-23 10:08:51.385 DEBUG content 3382 _a-0000e750-2e9d-8000-49b0-01ef9001ef90_19753 Exporting binary resources.
2021-11-23 10:08:51.385 DEBUG content 3382 _a-0000e750-2e9d-8000-49b0-01ef9001ef90_19753 Serializing object to XML.
2021-11-23 10:08:51.386 DEBUG content 3382 _a-0000e750-2e9d-8000-49b0-01ef9001ef90_19753 Object transported.
2021-11-23 10:08:51.386 DEBUG content 3543 _a-0000e750-2e9d-8000-49b0-01ef9001ef90_19769 Begin transport.
2021-11-23 10:08:51.386 DEBUG content 3543 _a-0000e750-2e9d-8000-49b0-01ef9001ef90_19769 Retrieving object data.
2021-11-23 10:08:51.393 DEBUG content 3543 _a-0000e750-2e9d-8000-49b0-01ef9001ef90_19769 Setting uuids of object references.
2021-11-23 10:08:51.393 DEBUG content 3543 _a-0000e750-2e9d-8000-49b0-01ef9001ef90_19769 Processing reference: [Content:id=3384,versionId=-1,name=DO_TEST_CONSTANT,type=32,subtype=0,uuid=_a-0000e750-2e9d-8000-49b0-01ef9001ef90_19769,parent=3382]
2021-11-23 10:08:51.393 DEBUG content 3543 _a-0000e750-2e9d-8000-49b0-01ef9001ef90_19769 Processing reference: Constant.forum
2021-11-23 10:08:51.394 DEBUG content 3543 _a-0000e750-2e9d-8000-49b0-01ef9001ef90_19769 Processing reference: Constant.parent
2021-11-23 10:08:51.397 DEBUG content 3543 _a-0000e750-2e9d-8000-49b0-01ef9001ef90_19769 Processing reference: com.appiancorp.suiteapi.content.ContentRoleMap@236b6603[
  ContentRole[name=readers,inherit=true,allowForAll=false]
  ContentRole[name=authors,inherit=true,allowForAll=false]
  ContentRole[name=administrators,inherit=true,allowForAll=false]
  ContentRole[name=denyReaders,inherit=false,allowForAll=false]
  ContentRole[name=denyAuthors,inherit=false,allowForAll=false]
  ContentRole[name=denyAdministrators,inherit=false,allowForAll=false]
  securityVector=15:SEC_PUBLIC=true,SEC_CREATOR_ADMIN=false,SEC_INH_ADMIN=true,SEC_INH_EDITOR=true,SEC_INH_VIEWER=true,SEC_ALL_ADMIN=false,SEC_ALL_EDITOR=false,SEC_ALL_VIEWER=false
]
2021-11-23 10:08:51.397 DEBUG content 3543 _a-0000e750-2e9d-8000-49b0-01ef9001ef90_19769 Processing reference: ContentRole[name=readers,inherit=true,allowForAll=false]
2021-11-23 10:08:51.397 DEBUG content 3543 _a-0000e750-2e9d-8000-49b0-01ef9001ef90_19769 Processing reference: ContentRole[name=authors,inherit=true,allowForAll=false]
2021-11-23 10:08:51.397 DEBUG content 3543 _a-0000e750-2e9d-8000-49b0-01ef9001ef90_19769 Processing reference: ContentRole[name=administrators,inherit=true,allowForAll=false]
2021-11-23 10:08:51.397 DEBUG content 3543 _a-0000e750-2e9d-8000-49b0-01ef9001ef90_19769 Processing reference: ContentRole[name=denyReaders,inherit=false,allowForAll=false]
2021-11-23 10:08:51.397 DEBUG content 3543 _a-0000e750-2e9d-8000-49b0-01ef9001ef90_19769 Processing reference: ContentRole[name=denyAuthors,inherit=false,allowForAll=false]
2021-11-23 10:08:51.397 DEBUG content 3543 _a-0000e750-2e9d-8000-49b0-01ef9001ef90_19769 Processing reference: ContentRole[name=denyAdministrators,inherit=false,allowForAll=false]
2021-11-23 10:08:51.397 DEBUG content 3543 _a-0000e750-2e9d-8000-49b0-01ef9001ef90_19769 Completing produce.
2021-11-23 10:08:51.397 DEBUG content 3543 _a-0000e750-2e9d-8000-49b0-01ef9001ef90_19769 Exporting binary resources.
2021-11-23 10:08:51.397 DEBUG content 3543 _a-0000e750-2e9d-8000-49b0-01ef9001ef90_19769 Serializing object to XML.
2021-11-23 10:08:51.4 DEBUG content 3543 _a-0000e750-2e9d-8000-49b0-01ef9001ef90_19769 Object transported.
2021-11-23 10:08:51.4 DEBUG content 3385 _a-0000e750-2e9d-8000-49b0-01ef9001ef90_19776 Begin transport.
2021-11-23 10:08:51.4 DEBUG content 3385 _a-0000e750-2e9d-8000-49b0-01ef9001ef90_19776 Retrieving object data.
2021-11-23 10:08:51.408 DEBUG content 3385 _a-0000e750-2e9d-8000-49b0-01ef9001ef90_19776 Setting uuids of object references.
2021-11-23 10:08:51.408 DEBUG content 3385 _a-0000e750-2e9d-8000-49b0-01ef9001ef90_19776 Processing reference: CommunityKnowledgeCenter.forum
2021-11-23 10:08:51.409 DEBUG content 3385 _a-0000e750-2e9d-8000-49b0-01ef9001ef90_19776 Processing reference: CommunityKnowledgeCenter.parent
2021-11-23 10:08:51.411 DEBUG content 3385 _a-0000e750-2e9d-8000-49b0-01ef9001ef90_19776 Processing reference: com.appiancorp.suiteapi.content.ContentRoleMap@1e5db984[
  ContentRole[name=readers,groupIds=[31],inherit=false,allowForAll=false]
  ContentRole[name=authors,inherit=false,allowForAll=false]
  ContentRole[name=administrators,groupIds=[32],inherit=true,allowForAll=false]
  ContentRole[name=denyReaders,inherit=false,allowForAll=false]
  ContentRole[name=denyAuthors,inherit=false,allowForAll=false]
  ContentRole[name=denyAdministrators,inherit=false,allowForAll=false]
  securityVector=9:SEC_PUBLIC=true,SEC_CREATOR_ADMIN=false,SEC_INH_ADMIN=true,SEC_INH_EDITOR=false,SEC_INH_VIEWER=false,SEC_ALL_ADMIN=false,SEC_ALL_EDITOR=false,SEC_ALL_VIEWER=false
]
2021-11-23 10:08:51.411 DEBUG content 3385 _a-0000e750-2e9d-8000-49b0-01ef9001ef90_19776 Processing reference: ContentRole[name=readers,groupIds=[31],inherit=false,allowForAll=false]
2021-11-23 10:08:51.413 DEBUG content 3385 _a-0000e750-2e9d-8000-49b0-01ef9001ef90_19776 Processing reference: ContentRole[name=authors,inherit=false,allowForAll=false]
2021-11-23 10:08:51.413 DEBUG content 3385 _a-0000e750-2e9d-8000-49b0-01ef9001ef90_19776 Processing reference: ContentRole[name=administrators,groupIds=[32],inherit=true,allowForAll=false]
2021-11-23 10:08:51.414 DEBUG content 3385 _a-0000e750-2e9d-8000-49b0-01ef9001ef90_19776 Processing reference: ContentRole[name=denyReaders,inherit=false,allowForAll=false]
2021-11-23 10:08:51.414 DEBUG content 3385 _a-0000e750-2e9d-8000-49b0-01ef9001ef90_19776 Processing reference: ContentRole[name=denyAuthors,inherit=false,allowForAll=false]
2021-11-23 10:08:51.414 DEBUG content 3385 _a-0000e750-2e9d-8000-49b0-01ef9001ef90_19776 Processing reference: ContentRole[name=denyAdministrators,inherit=false,allowForAll=false]
2021-11-23 10:08:51.414 DEBUG content 3385 _a-0000e750-2e9d-8000-49b0-01ef9001ef90_19776 Completing produce.
2021-11-23 10:08:51.414 DEBUG content 3385 _a-0000e750-2e9d-8000-49b0-01ef9001ef90_19776 Exporting binary resources.
2021-11-23 10:08:51.414 DEBUG content 3385 _a-0000e750-2e9d-8000-49b0-01ef9001ef90_19776 Serializing object to XML.
2021-11-23 10:08:51.415 DEBUG content 3385 _a-0000e750-2e9d-8000-49b0-01ef9001ef90_19776 Object transported.
2021-11-23 10:08:51.415 DEBUG content 3563 _a-0000e758-49ac-8000-49b3-01ef9001ef90_21070 Begin transport.
2021-11-23 10:08:51.415 DEBUG content 3563 _a-0000e758-49ac-8000-49b3-01ef9001ef90_21070 Retrieving object data.
2021-11-23 10:08:51.423 DEBUG content 3563 _a-0000e758-49ac-8000-49b3-01ef9001ef90_21070 Setting uuids of object references.
2021-11-23 10:08:51.423 DEBUG content 3563 _a-0000e758-49ac-8000-49b3-01ef9001ef90_21070 Processing reference: [Content:id=3563,versionId=-1,name=DO_BOOLEAN_CONSTANT,type=32,subtype=0,uuid=_a-0000e758-49ac-8000-49b3-01ef9001ef90_21070,parent=3382]
2021-11-23 10:08:51.424 DEBUG content 3563 _a-0000e758-49ac-8000-49b3-01ef9001ef90_21070 Processing reference: Constant.forum
2021-11-23 10:08:51.424 DEBUG content 3563 _a-0000e758-49ac-8000-49b3-01ef9001ef90_21070 Processing reference: Constant.parent
2021-11-23 10:08:51.427 DEBUG content 3563 _a-0000e758-49ac-8000-49b3-01ef9001ef90_21070 Processing reference: com.appiancorp.suiteapi.content.ContentRoleMap@5a250555[
  ContentRole[name=readers,inherit=true,allowForAll=false]
  ContentRole[name=authors,inherit=true,allowForAll=false]
  ContentRole[name=administrators,inherit=true,allowForAll=false]
  ContentRole[name=denyReaders,inherit=false,allowForAll=false]
  ContentRole[name=denyAuthors,inherit=false,allowForAll=false]
  ContentRole[name=denyAdministrators,inherit=false,allowForAll=false]
  securityVector=15:SEC_PUBLIC=true,SEC_CREATOR_ADMIN=false,SEC_INH_ADMIN=true,SEC_INH_EDITOR=true,SEC_INH_VIEWER=true,SEC_ALL_ADMIN=false,SEC_ALL_EDITOR=false,SEC_ALL_VIEWER=false
]
2021-11-23 10:08:51.427 DEBUG content 3563 _a-0000e758-49ac-8000-49b3-01ef9001ef90_21070 Processing reference: ContentRole[name=readers,inherit=true,allowForAll=false]
2021-11-23 10:08:51.427 DEBUG content 3563 _a-0000e758-49ac-8000-49b3-01ef9001ef90_21070 Processing reference: ContentRole[name=authors,inherit=true,allowForAll=false]
2021-11-23 10:08:51.427 DEBUG content 3563 _a-0000e758-49ac-8000-49b3-01ef9001ef90_21070 Processing reference: ContentRole[name=administrators,inherit=true,allowForAll=false]
2021-11-23 10:08:51.427 DEBUG content 3563 _a-0000e758-49ac-8000-49b3-01ef9001ef90_21070 Processing reference: ContentRole[name=denyReaders,inherit=false,allowForAll=false]
2021-11-23 10:08:51.427 DEBUG content 3563 _a-0000e758-49ac-8000-49b3-01ef9001ef90_21070 Processing reference: ContentRole[name=denyAuthors,inherit=false,allowForAll=false]
2021-11-23 10:08:51.427 DEBUG content 3563 _a-0000e758-49ac-8000-49b3-01ef9001ef90_21070 Processing reference: ContentRole[name=denyAdministrators,inherit=false,allowForAll=false]
2021-11-23 10:08:51.427 DEBUG content 3563 _a-0000e758-49ac-8000-49b3-01ef9001ef90_21070 Completing produce.
2021-11-23 10:08:51.427 DEBUG content 3563 _a-0000e758-49ac-8000-49b3-01ef9001ef90_21070 Exporting binary resources.
2021-11-23 10:08:51.427 DEBUG content 3563 _a-0000e758-49ac-8000-49b3-01ef9001ef90_21070 Serializing object to XML.
2021-11-23 10:08:51.431 DEBUG content 3563 _a-0000e758-49ac-8000-49b3-01ef9001ef90_21070 Object transported.
2021-11-23 10:08:51.433 DEBUG processModelFolder 4 _g-0000e750-2e9d-8000-4c0a-014d98014d98_12 Begin transport.
2021-11-23 10:08:51.433 DEBUG processModelFolder 4 _g-0000e750-2e9d-8000-4c0a-014d98014d98_12 Retrieving object data.
2021-11-23 10:08:51.436 DEBUG processModelFolder 4 _g-0000e750-2e9d-8000-4c0a-014d98014d98_12 Setting uuids of object references.
2021-11-23 10:08:51.436 DEBUG processModelFolder 4 _g-0000e750-2e9d-8000-4c0a-014d98014d98_12 Processing reference: ProcessModelFolder.parentFolderId
2021-11-23 10:08:51.438 DEBUG processModelFolder 4 _g-0000e750-2e9d-8000-4c0a-014d98014d98_12 Processing reference: com.appiancorp.suiteapi.process.ProcessRoleMap@74e121db[
  Role[name=ADMIN_OWNER,groupIds=[32]]
  Role[name=EDITOR]
  Role[name=EXPLICIT_NONMEMBER]
  Role[name=VIEWER,groupIds=[31]]
  Role[name=MANAGER]
  Role[name=INITIATOR]
]
2021-11-23 10:08:51.438 DEBUG processModelFolder 4 _g-0000e750-2e9d-8000-4c0a-014d98014d98_12 Processing reference: Role[name=ADMIN_OWNER,groupIds=[32]]
2021-11-23 10:08:51.439 DEBUG processModelFolder 4 _g-0000e750-2e9d-8000-4c0a-014d98014d98_12 Processing reference: Role[name=EDITOR]
2021-11-23 10:08:51.439 DEBUG processModelFolder 4 _g-0000e750-2e9d-8000-4c0a-014d98014d98_12 Processing reference: Role[name=EXPLICIT_NONMEMBER]
2021-11-23 10:08:51.439 DEBUG processModelFolder 4 _g-0000e750-2e9d-8000-4c0a-014d98014d98_12 Processing reference: Role[name=VIEWER,groupIds=[31]]
2021-11-23 10:08:51.441 DEBUG processModelFolder 4 _g-0000e750-2e9d-8000-4c0a-014d98014d98_12 Processing reference: Role[name=MANAGER]
2021-11-23 10:08:51.441 DEBUG processModelFolder 4 _g-0000e750-2e9d-8000-4c0a-014d98014d98_12 Processing reference: Role[name=INITIATOR]
2021-11-23 10:08:51.441 DEBUG processModelFolder 4 _g-0000e750-2e9d-8000-4c0a-014d98014d98_12 Completing produce.
2021-11-23 10:08:51.441 DEBUG processModelFolder 4 _g-0000e750-2e9d-8000-4c0a-014d98014d98_12 Exporting binary resources.
2021-11-23 10:08:51.441 DEBUG processModelFolder 4 _g-0000e750-2e9d-8000-4c0a-014d98014d98_12 Serializing object to XML.
2021-11-23 10:08:51.441 DEBUG processModelFolder 4 _g-0000e750-2e9d-8000-4c0a-014d98014d98_12 Object transported.
2021-11-23 10:08:51.443 DEBUG processModel 481 0002e750-5091-8000-4c0b-014d98014d98 Begin transport.
2021-11-23 10:08:51.443 DEBUG processModel 481 0002e750-5091-8000-4c0b-014d98014d98 Retrieving object data.
2021-11-23 10:08:51.459 DEBUG processModel 481 0002e750-5091-8000-4c0b-014d98014d98 Setting uuids of object references.
2021-11-23 10:08:51.459 DEBUG processModel 481 0002e750-5091-8000-4c0b-014d98014d98 Processing reference: ProcessModelHaul.folderId
2021-11-23 10:08:51.461 DEBUG processModel 481 0002e750-5091-8000-4c0b-014d98014d98 Processing reference: ProcessModelHaul.modelDashboardPageId
2021-11-23 10:08:51.461 DEBUG processModel 481 0002e750-5091-8000-4c0b-014d98014d98 Processing reference: ProcessModelHaul.processDashboardPageId
2021-11-23 10:08:51.461 DEBUG processModel 481 0002e750-5091-8000-4c0b-014d98014d98 Processing reference: ProcessModel.emailAttachmentFolderId
2021-11-23 10:08:51.462 DEBUG processModel 481 0002e750-5091-8000-4c0b-014d98014d98 Processing reference: ActivityClass.localId
2021-11-23 10:08:51.462 DEBUG processModel 481 0002e750-5091-8000-4c0b-014d98014d98 Processing reference: ActivityClass.localId
2021-11-23 10:08:51.462 DEBUG processModel 481 0002e750-5091-8000-4c0b-014d98014d98 Processing reference: ActivityClassParameter[name=pmID,it=23,v=<null>]
2021-11-23 10:08:51.462 DEBUG processModel 481 0002e750-5091-8000-4c0b-014d98014d98 Processing reference: ActivityClassParameter[name=inMap,it=111,v={}]
2021-11-23 10:08:51.462 DEBUG processModel 481 0002e750-5091-8000-4c0b-014d98014d98 Processing reference: ActivityClassParameter[name=procInheritsPriority,it=1,v=1]
2021-11-23 10:08:51.463 DEBUG processModel 481 0002e750-5091-8000-4c0b-014d98014d98 Processing reference: ActivityClassParameter[name=pmUUID,it=3,v=]
2021-11-23 10:08:51.463 DEBUG processModel 481 0002e750-5091-8000-4c0b-014d98014d98 Processing reference: ActivityClassParameter[name=isAsynchronous,it=26,v=1]
2021-11-23 10:08:51.463 DEBUG processModel 481 0002e750-5091-8000-4c0b-014d98014d98 Processing reference: ActivityClassParameter[name=isTransparent,it=26,v=1]
2021-11-23 10:08:51.463 DEBUG processModel 481 0002e750-5091-8000-4c0b-014d98014d98 Processing reference: ActivityClassParameter[name=inheritSecurity,it=26,v=0]
2021-11-23 10:08:51.464 DEBUG processModel 481 0002e750-5091-8000-4c0b-014d98014d98 Processing reference: com.appiancorp.suiteapi.process.ProcessRoleMap@59eba7e8[
  Role[name=ADMIN_OWNER,groupIds=[32]]
  Role[name=EDITOR]
  Role[name=EXPLICIT_NONMEMBER]
  Role[name=VIEWER,groupIds=[31]]
  Role[name=MANAGER]
  Role[name=INITIATOR]
]
2021-11-23 10:08:51.464 DEBUG processModel 481 0002e750-5091-8000-4c0b-014d98014d98 Processing reference: Role[name=ADMIN_OWNER,groupIds=[32]]
2021-11-23 10:08:51.466 DEBUG processModel 481 0002e750-5091-8000-4c0b-014d98014d98 Processing reference: Role[name=EDITOR]
2021-11-23 10:08:51.466 DEBUG processModel 481 0002e750-5091-8000-4c0b-014d98014d98 Processing reference: Role[name=EXPLICIT_NONMEMBER]
2021-11-23 10:08:51.466 DEBUG processModel 481 0002e750-5091-8000-4c0b-014d98014d98 Processing reference: Role[name=VIEWER,groupIds=[31]]
2021-11-23 10:08:51.467 DEBUG processModel 481 0002e750-5091-8000-4c0b-014d98014d98 Processing reference: Role[name=MANAGER]
2021-11-23 10:08:51.467 DEBUG processModel 481 0002e750-5091-8000-4c0b-014d98014d98 Processing reference: Role[name=INITIATOR]
2021-11-23 10:08:51.468 DEBUG processModel 481 0002e750-5091-8000-4c0b-014d98014d98 Completing produce.
2021-11-23 10:08:51.468 DEBUG processModel 481 0002e750-5091-8000-4c0b-014d98014d98 Exporting binary resources.
2021-11-23 10:08:51.468 DEBUG processModel 481 0002e750-5091-8000-4c0b-014d98014d98 Serializing object to XML.
2021-11-23 10:08:51.474 DEBUG processModel 481 0002e750-5091-8000-4c0b-014d98014d98 Object transported.
2021-11-23 10:08:51.474 DEBUG application 3381 _a-0000e750-2e9d-8000-49b0-01ef9001ef90_19745 Completing produce.
2021-11-23 10:08:51.474 DEBUG application 3381 _a-0000e750-2e9d-8000-49b0-01ef9001ef90_19745 Exporting binary resources.
2021-11-23 10:08:51.474 DEBUG application 3381 _a-0000e750-2e9d-8000-49b0-01ef9001ef90_19745 Serializing object to XML.
2021-11-23 10:08:51.476 DEBUG application 3381 _a-0000e750-2e9d-8000-49b0-01ef9001ef90_19745 Object transported.
