Success (1):
content 3638 _a-0000e758-49ac-8000-49b3-01ef9001ef90_21511 "PS_SAMPLE_TEXT"

Referenced precedents that were not exported (1):
content 3637 _a-0000e758-49ac-8000-49b3-01ef9001ef90_21505

Trace:
2021-11-25 06:38:01.19 DEBUG content 3638 _a-0000e758-49ac-8000-49b3-01ef9001ef90_21511 Begin transport.
2021-11-25 06:38:01.19 DEBUG content 3638 _a-0000e758-49ac-8000-49b3-01ef9001ef90_21511 Retrieving object data.
2021-11-25 06:38:01.201 DEBUG content 3638 _a-0000e758-49ac-8000-49b3-01ef9001ef90_21511 Setting uuids of object references.
2021-11-25 06:38:01.201 DEBUG content 3638 _a-0000e758-49ac-8000-49b3-01ef9001ef90_21511 Processing reference: [Content:id=3638,versionId=-1,name=PS_SAMPLE_TEXT,type=32,subtype=0,uuid=_a-0000e758-49ac-8000-49b3-01ef9001ef90_21511,parent=3637]
2021-11-25 06:38:01.201 DEBUG content 3638 _a-0000e758-49ac-8000-49b3-01ef9001ef90_21511 Processing reference: Constant.forum
2021-11-25 06:38:01.202 DEBUG content 3638 _a-0000e758-49ac-8000-49b3-01ef9001ef90_21511 Processing reference: Constant.parent
2021-11-25 06:38:01.206 DEBUG content 3638 _a-0000e758-49ac-8000-49b3-01ef9001ef90_21511 Processing reference: com.appiancorp.suiteapi.content.ContentRoleMap@3c779f20[
  ContentRole[name=readers,inherit=true,allowForAll=false]
  ContentRole[name=authors,inherit=true,allowForAll=false]
  ContentRole[name=administrators,inherit=true,allowForAll=false]
  ContentRole[name=denyReaders,inherit=false,allowForAll=false]
  ContentRole[name=denyAuthors,inherit=false,allowForAll=false]
  ContentRole[name=denyAdministrators,inherit=false,allowForAll=false]
  securityVector=15:SEC_PUBLIC=true,SEC_CREATOR_ADMIN=false,SEC_INH_ADMIN=true,SEC_INH_EDITOR=true,SEC_INH_VIEWER=true,SEC_ALL_ADMIN=false,SEC_ALL_EDITOR=false,SEC_ALL_VIEWER=false
]
2021-11-25 06:38:01.206 DEBUG content 3638 _a-0000e758-49ac-8000-49b3-01ef9001ef90_21511 Processing reference: ContentRole[name=readers,inherit=true,allowForAll=false]
2021-11-25 06:38:01.206 DEBUG content 3638 _a-0000e758-49ac-8000-49b3-01ef9001ef90_21511 Processing reference: ContentRole[name=authors,inherit=true,allowForAll=false]
2021-11-25 06:38:01.206 DEBUG content 3638 _a-0000e758-49ac-8000-49b3-01ef9001ef90_21511 Processing reference: ContentRole[name=administrators,inherit=true,allowForAll=false]
2021-11-25 06:38:01.206 DEBUG content 3638 _a-0000e758-49ac-8000-49b3-01ef9001ef90_21511 Processing reference: ContentRole[name=denyReaders,inherit=false,allowForAll=false]
2021-11-25 06:38:01.206 DEBUG content 3638 _a-0000e758-49ac-8000-49b3-01ef9001ef90_21511 Processing reference: ContentRole[name=denyAuthors,inherit=false,allowForAll=false]
2021-11-25 06:38:01.206 DEBUG content 3638 _a-0000e758-49ac-8000-49b3-01ef9001ef90_21511 Processing reference: ContentRole[name=denyAdministrators,inherit=false,allowForAll=false]
2021-11-25 06:38:01.206 DEBUG content 3638 _a-0000e758-49ac-8000-49b3-01ef9001ef90_21511 Completing produce.
2021-11-25 06:38:01.206 DEBUG content 3638 _a-0000e758-49ac-8000-49b3-01ef9001ef90_21511 Exporting binary resources.
2021-11-25 06:38:01.206 DEBUG content 3638 _a-0000e758-49ac-8000-49b3-01ef9001ef90_21511 Serializing object to XML.
2021-11-25 06:38:01.209 DEBUG content 3638 _a-0000e758-49ac-8000-49b3-01ef9001ef90_21511 Object transported.
